<?xml version="1.0" encoding="UTF-8"?>
<testng-results skipped="0" failed="0" ignored="0" total="0" passed="0">
  <reporter-output>
  </reporter-output>
  <suite name="Failed suite [Default suite]" duration-ms="14" started-at="2022-09-07T13:27:19 IST" finished-at="2022-09-07T13:27:19 IST">
    <groups>
    </groups>
    <test name="Default test(failed)" duration-ms="14" started-at="2022-09-07T13:27:19 IST" finished-at="2022-09-07T13:27:19 IST">
    </test> <!-- Default test(failed) -->
  </suite> <!-- Failed suite [Default suite] -->
</testng-results>
